[36mRun starting. Expected test count is: 0[0m
[32mTest262Test:[0m
[32m- [Test262Eval] /test/built-ins/Promise/allSettled/resolves-empty-array (2 seconds, 115 milliseconds)[0m
[32m- [Test262Eval] /test/built-ins/Promise/allSettled/invoke-resolve-get-once-no-calls (478 milliseconds)[0m
[32m- [Test262Eval] /test/built-ins/Promise/allSettled/reject-deferred (228 milliseconds)[0m
[32m- [Test262Eval] /test/built-ins/Promise/allSettled/resolved-sequence-mixed (591 milliseconds)[0m
[32m- [Test262Eval] /test/built-ins/Promise/allSettled/resolve-element-function-name (523 milliseconds)[0m
[32m- [Test262Eval] /test/built-ins/Promise/allSettled/iter-assigned-undefined-reject (254 milliseconds)[0m
[32m- [Test262Eval] /test/built-ins/Promise/allSettled/reject-element-function-nonconstructor (184 milliseconds)[0m
[32m- [Test262Eval] /test/built-ins/Promise/allSettled/resolved-all-fulfilled (235 milliseconds)[0m
[32m- [Test262Eval] /test/built-ins/Promise/allSettled/iter-assigned-string-reject (243 milliseconds)[0m
[32m- [Test262Eval] /test/built-ins/Promise/allSettled/invoke-resolve-error-reject (210 milliseconds)[0m
[32m- [Test262Eval] /test/built-ins/Promise/allSettled/iter-returns-number-reject (271 milliseconds)[0m
[32m- [Test262Eval] /test/built-ins/Promise/allSettled/invoke-then (267 milliseconds)[0m
[32m- [Test262Eval] /test/built-ins/Promise/allSettled/reject-ignored-deferred (200 milliseconds)[0m
[32m- [Test262Eval] /test/built-ins/Promise/allSettled/returns-promise (178 milliseconds)[0m
[32m- [Test262Eval] /test/built-ins/Promise/allSettled/resolve-from-same-thenable (327 milliseconds)[0m
[32m- [Test262Eval] /test/built-ins/Promise/allSettled/resolved-sequence-with-rejections (255 milliseconds)[0m
[32m- [Test262Eval] /test/built-ins/Promise/allSettled/species-get-error (173 milliseconds)[0m
[32m- [Test262Eval] /test/built-ins/Promise/allSettled/iter-arg-is-string-resolve (208 milliseconds)[0m
[32m- [Test262Eval] /test/built-ins/Promise/allSettled/iter-assigned-number-reject (243 milliseconds)[0m
[32m- [Test262Eval] /test/built-ins/Promise/allSettled/reject-ignored-immed (187 milliseconds)[0m
[32m- [Test262Eval] /test/built-ins/Promise/allSettled/resolved-then-catch-finally (352 milliseconds)[0m
[32m- [Test262Eval] /test/built-ins/Promise/allSettled/reject-element-function-length (249 milliseconds)[0m
[32m- [Test262Eval] /test/built-ins/Promise/allSettled/call-resolve-element-after-return (290 milliseconds)[0m
[31m- [Test262Eval] /test/built-ins/Promise/all/invoke-resolve-get-once-no-calls *** FAILED *** (314 milliseconds)[0m
[31m  kr.ac.kaist.ires.error.IRError: [0m
[31m  "/Users/naldo/project/jiset/ires/tests/test262/test/built-ins/Promise/all/invoke-resolve-get-once-no-calls.js" - HostReportErrors: assertion is not a boolean: Str(Error occured) (IRESTest.scala:57)[0m
[32m- [Test262Eval] /test/built-ins/Promise/allSettled/resolve-element-function-extensible (238 milliseconds)[0m
[32m- [Test262Eval] /test/built-ins/Promise/allSettled/reject-element-function-prototype (174 milliseconds)[0m
[32m- [Test262Eval] /test/built-ins/Promise/allSettled/reject-element-function-name (251 milliseconds)[0m
[32m- [Test262Eval] /test/built-ins/Promise/allSettled/iter-assigned-true-reject (237 milliseconds)[0m
[32m- [Test262Eval] /test/built-ins/Promise/allSettled/capability-executor-called-twice (995 milliseconds)[0m
[32m- [Test262Eval] /test/built-ins/Promise/allSettled/iter-arg-is-false-reject (283 milliseconds)[0m
[32m- [Test262Eval] /test/built-ins/Promise/allSettled/resolved-sequence-extra-ticks (205 milliseconds)[0m
[32m- [Test262Eval] /test/built-ins/Promise/allSettled/iter-returns-symbol-reject (305 milliseconds)[0m
[32m- [Test262Eval] /test/built-ins/Promise/allSettled/invoke-resolve-get-once-multiple-calls (319 milliseconds)[0m
[32m- [Test262Eval] /test/built-ins/Promise/allSettled/prop-desc (579 milliseconds)[0m
[32m- [Test262Eval] /test/built-ins/Promise/allSettled/capability-resolve-throws-reject (241 milliseconds)[0m
[32m- [Test262Eval] /test/built-ins/Promise/allSettled/resolve-non-thenable (179 milliseconds)[0m
[32m- [Test262Eval] /test/built-ins/Promise/allSettled/resolve-element-function-nonconstructor (183 milliseconds)[0m
[32m- [Test262Eval] /test/built-ins/Promise/allSettled/resolve-element-function-length (241 milliseconds)[0m
[32m- [Test262Eval] /test/built-ins/Promise/allSettled/iter-returns-null-reject (251 milliseconds)[0m
[32m- [Test262Eval] /test/built-ins/Promise/allSettled/new-reject-function (229 milliseconds)[0m
[32m- [Test262Eval] /test/built-ins/Promise/allSettled/resolved-all-mixed (338 milliseconds)[0m
[32m- [Test262Eval] /test/built-ins/Promise/allSettled/is-function (133 milliseconds)[0m
[32m- [Test262Eval] /test/built-ins/Promise/allSettled/invoke-then-error-close (232 milliseconds)[0m
[32m- [Test262Eval] /test/built-ins/Promise/allSettled/length (876 milliseconds)[0m
[32m- [Test262Eval] /test/built-ins/Promise/allSettled/resolve-poisoned-then (241 milliseconds)[0m
[32m- [Test262Eval] /test/built-ins/Promise/allSettled/name (554 milliseconds)[0m
[32m- [Test262Eval] /test/built-ins/Promise/allSettled/invoke-resolve-error-close (209 milliseconds)[0m
[32m- [Test262Eval] /test/built-ins/Promise/allSettled/resolve-before-loop-exit-from-same (300 milliseconds)[0m
[32m- [Test262Eval] /test/built-ins/Promise/allSettled/capability-resolve-throws-no-close (249 milliseconds)[0m
[32m- [Test262Eval] /test/built-ins/Promise/allSettled/iter-arg-is-poisoned (263 milliseconds)[0m
[32m- [Test262Eval] /test/built-ins/Promise/allSettled/ctx-ctor (331 milliseconds)[0m
[32m- [Test262Eval] /test/built-ins/Promise/allSettled/iter-next-val-err-no-close (288 milliseconds)[0m
[32m- [Test262Eval] /test/built-ins/Promise/allSettled/iter-assigned-symbol-reject (237 milliseconds)[0m
[32m- [Test262Eval] /test/built-ins/Promise/allSettled/iter-returns-false-reject (239 milliseconds)[0m
[32m- [Test262Eval] /test/built-ins/Promise/allSettled/call-resolve-element-items (267 milliseconds)[0m
[32m- [Test262Eval] /test/built-ins/Promise/allSettled/iter-arg-is-true-reject (226 milliseconds)[0m
[32m- [Test262Eval] /test/built-ins/Promise/allSettled/invoke-resolve-get-error-reject (251 milliseconds)[0m
[32m- [Test262Eval] /test/built-ins/Promise/allSettled/invoke-then-get-error-close (185 milliseconds)[0m
[32m- [Test262Eval] /test/built-ins/Promise/allSettled/invoke-resolve-return (197 milliseconds)[0m
[32m- [Test262Eval] /test/built-ins/Promise/allSettled/resolved-sequence (248 milliseconds)[0m
[32m- [Test262Eval] /test/built-ins/Promise/allSettled/iter-step-err-no-close (241 milliseconds)[0m
[32m- [Test262Eval] /test/built-ins/Promise/allSettled/resolved-immed (362 milliseconds)[0m
[32m- [Test262Eval] /test/built-ins/Promise/allSettled/resolved-all-rejected (271 milliseconds)[0m
[32m- [Test262Eval] /test/built-ins/Promise/allSettled/iter-arg-is-undefined-reject (229 milliseconds)[0m
[32m- [Test262Eval] /test/built-ins/Promise/allSettled/iter-returns-undefined-reject (313 milliseconds)[0m
[32m- [Test262Eval] /test/built-ins/Promise/allSettled/call-resolve-element (237 milliseconds)[0m
[32m- [Test262Eval] /test/built-ins/Promise/allSettled/iter-assigned-false-reject (237 milliseconds)[0m
[32m- [Test262Eval] /test/built-ins/Promise/allSettled/ctx-non-object (394 milliseconds)[0m
[32m- [Test262Eval] /test/built-ins/Promise/allSettled/iter-assigned-null-reject (231 milliseconds)[0m
[32m- [Test262Eval] /test/built-ins/Promise/allSettled/invoke-then-get-error-reject (180 milliseconds)[0m
[32m- [Test262Eval] /test/built-ins/Promise/allSettled/iter-returns-string-reject (241 milliseconds)[0m
[32m- [Test262Eval] /test/built-ins/Promise/allSettled/resolve-element-function-prototype (171 milliseconds)[0m
[32m- [Test262Eval] /test/built-ins/Promise/allSettled/ctx-non-ctor (6 milliseconds)[0m
[32m- [Test262Eval] /test/built-ins/Promise/allSettled/iter-next-err-reject (239 milliseconds)[0m
[32m- [Test262Eval] /test/built-ins/Promise/allSettled/invoke-resolve-get-error-close (271 milliseconds)[0m
[32m- [Test262Eval] /test/built-ins/Promise/allSettled/new-resolve-function (221 milliseconds)[0m
[32m- [Test262Eval] /test/built-ins/Promise/allSettled/invoke-then-error-reject (167 milliseconds)[0m
[32m- [Test262Eval] /test/built-ins/Promise/allSettled/iter-returns-true-reject (241 milliseconds)[0m
[32m- [Test262Eval] /test/built-ins/Promise/allSettled/resolve-thenable (256 milliseconds)[0m
[32m- [Test262Eval] /test/built-ins/Promise/allSettled/reject-immed (166 milliseconds)[0m
[32m- [Test262Eval] /test/built-ins/Promise/allSettled/does-not-invoke-array-setters (161 milliseconds)[0m
[32m- [Test262Eval] /test/built-ins/Promise/allSettled/invoke-resolve (426 milliseconds)[0m
[32m- [Test262Eval] /test/built-ins/Promise/allSettled/reject-element-function-extensible (177 milliseconds)[0m
[32m- [Test262Eval] /test/built-ins/Promise/allSettled/ctx-ctor-throws (163 milliseconds)[0m
[32m- [Test262Eval] /test/built-ins/Promise/allSettled/capability-executor-not-callable (1 second, 20 milliseconds)[0m
[32m- [Test262Eval] /test/built-ins/Promise/allSettled/iter-arg-is-null-reject (230 milliseconds)[0m
[32m- [Test262Eval] /test/built-ins/Promise/allSettled/resolves-to-array (277 milliseconds)[0m
[32m- [Test262Eval] /test/built-ins/Promise/allSettled/iter-step-err-reject (288 milliseconds)[0m
[32m- [Test262Eval] /test/built-ins/Promise/allSettled/resolve-before-loop-exit (282 milliseconds)[0m
[32m- [Test262Eval] /test/built-ins/Promise/allSettled/iter-arg-is-number-reject (226 milliseconds)[0m
[32m- [Test262Eval] /test/built-ins/Promise/allSettled/iter-next-val-err-reject (278 milliseconds)[0m
[32m- [Test262Eval] /test/built-ins/Promise/allSettled/iter-arg-is-symbol-reject (235 milliseconds)[0m
[36mRun completed in 33 seconds, 143 milliseconds.[0m
[36mTotal number of tests run: 92[0m
[36mSuites: completed 1, aborted 0[0m
[36mTests: succeeded 91, failed 1, canceled 0, ignored 0, pending 0[0m
[31m*** 1 TEST FAILED ***[0m
[31mTest262Test:[0m

[31m- [Test262Eval] /test/built-ins/Promise/all/invoke-resolve-get-once-no-calls *** FAILED *** (314 milliseconds)[0m
[31m  kr.ac.kaist.ires.error.IRError: [0m
[31m  "/Users/naldo/project/jiset/ires/tests/test262/test/built-ins/Promise/all/invoke-resolve-get-once-no-calls.js" - HostReportErrors: assertion is not a boolean: Str(Error occured) (IRESTest.scala:57)[0m
[31m  org.scalatest.exceptions.TestFailedException:[0m
[31m  at org.scalatest.Assertions.newAssertionFailedException(Assertions.scala:530)[0m
[31m  at org.scalatest.Assertions.newAssertionFailedException$(Assertions.scala:529)[0m
[31m  at org.scalatest.FunSuite.newAssertionFailedException(FunSuite.scala:1560)[0m
[31m  at org.scalatest.Assertions.fail(Assertions.scala:1091)[0m
[31m  at org.scalatest.Assertions.fail$(Assertions.scala:1087)[0m
[31m  at org.scalatest.FunSuite.fail(FunSuite.scala:1560)[0m
[31m  at kr.ac.kaist.ires.IRESTest.$anonfun$check$1(IRESTest.scala:57)[0m
[31m  at org.scalatest.OutcomeOf.outcomeOf(OutcomeOf.scala:85)[0m
[31m  at org.scalatest.OutcomeOf.outcomeOf$(OutcomeOf.scala:83)[0m
[31m  at org.scalatest.OutcomeOf$.outcomeOf(OutcomeOf.scala:104)[0m
[31m  at org.scalatest.Transformer.apply(Transformer.scala:22)[0m
[31m  at org.scalatest.Transformer.apply(Transformer.scala:20)[0m
[31m  at org.scalatest.FunSuiteLike$$anon$1.apply(FunSuiteLike.scala:186)[0m
[31m  at org.scalatest.TestSuite.withFixture(TestSuite.scala:196)[0m
[31m  at org.scalatest.TestSuite.withFixture$(TestSuite.scala:195)[0m
[31m  at org.scalatest.FunSuite.withFixture(FunSuite.scala:1560)[0m
[31m  at org.scalatest.FunSuiteLike.invokeWithFixture$1(FunSuiteLike.scala:184)[0m
[31m  at org.scalatest.FunSuiteLike.$anonfun$runTest$1(FunSuiteLike.scala:196)[0m
[31m  at org.scalatest.SuperEngine.runTestImpl(Engine.scala:286)[0m
[31m  at org.scalatest.FunSuiteLike.runTest(FunSuiteLike.scala:196)[0m
[31m  at org.scalatest.FunSuiteLike.runTest$(FunSuiteLike.scala:178)[0m
[31m  at org.scalatest.FunSuite.runTest(FunSuite.scala:1560)[0m
[31m  at org.scalatest.FunSuiteLike.$anonfun$runTests$1(FunSuiteLike.scala:229)[0m
[31m  at org.scalatest.SuperEngine.$anonfun$runTestsInBranch$1(Engine.scala:393)[0m
[31m  at scala.collection.immutable.List.foreach(List.scala:305)[0m
[31m  at org.scalatest.SuperEngine.traverseSubNodes$1(Engine.scala:381)[0m
[31m  at org.scalatest.SuperEngine.runTestsInBranch(Engine.scala:376)[0m
[31m  at org.scalatest.SuperEngine.runTestsImpl(Engine.scala:458)[0m
[31m  at org.scalatest.FunSuiteLike.runTests(FunSuiteLike.scala:229)[0m
[31m  at org.scalatest.FunSuiteLike.runTests$(FunSuiteLike.scala:228)[0m
[31m  at org.scalatest.FunSuite.runTests(FunSuite.scala:1560)[0m
[31m  at org.scalatest.Suite.run(Suite.scala:1124)[0m
[31m  at org.scalatest.Suite.run$(Suite.scala:1106)[0m
[31m  at org.scalatest.FunSuite.org$scalatest$FunSuiteLike$$super$run(FunSuite.scala:1560)[0m
[31m  at org.scalatest.FunSuiteLike.$anonfun$run$1(FunSuiteLike.scala:233)[0m
[31m  at org.scalatest.SuperEngine.runImpl(Engine.scala:518)[0m
[31m  at org.scalatest.FunSuiteLike.run(FunSuiteLike.scala:233)[0m
[31m  at org.scalatest.FunSuiteLike.run$(FunSuiteLike.scala:232)[0m
[31m  at kr.ac.kaist.ires.IRESTest.org$scalatest$BeforeAndAfterAll$$super$run(IRESTest.scala:13)[0m
[31m  at org.scalatest.BeforeAndAfterAll.liftedTree1$1(BeforeAndAfterAll.scala:213)[0m
[31m  at org.scalatest.BeforeAndAfterAll.run(BeforeAndAfterAll.scala:210)[0m
[31m  at org.scalatest.BeforeAndAfterAll.run$(BeforeAndAfterAll.scala:208)[0m
[31m  at kr.ac.kaist.ires.IRESTest.run(IRESTest.scala:13)[0m
[31m  at org.scalatest.tools.Framework.org$scalatest$tools$Framework$$runSuite(Framework.scala:317)[0m
[31m  at org.scalatest.tools.Framework$ScalaTestTask.execute(Framework.scala:510)[0m
[31m  at sbt.TestRunner.runTest$1(TestFramework.scala:139)[0m
[31m  at sbt.TestRunner.run(TestFramework.scala:154)[0m
[31m  at sbt.TestFramework$$anon$3$$anonfun$$lessinit$greater$1.$anonfun$apply$1(TestFramework.scala:317)[0m
[31m  at sbt.TestFramework$.sbt$TestFramework$$withContextLoader(TestFramework.scala:277)[0m
[31m  at sbt.TestFramework$$anon$3$$anonfun$$lessinit$greater$1.apply(TestFramework.scala:317)[0m
[31m  at sbt.TestFramework$$anon$3$$anonfun$$lessinit$greater$1.apply(TestFramework.scala:317)[0m
[31m  at sbt.TestFunction.apply(TestFramework.scala:329)[0m
[31m  at sbt.Tests$.$anonfun$toTask$1(Tests.scala:311)[0m
[31m  at sbt.std.Transform$$anon$3.$anonfun$apply$2(Transform.scala:46)[0m
[31m  at sbt.std.Transform$$anon$4.work(Transform.scala:67)[0m
[31m  at sbt.Execute.$anonfun$submit$2(Execute.scala:281)[0m
[31m  at sbt.internal.util.ErrorHandling$.wideConvert(ErrorHandling.scala:19)[0m
[31m  at sbt.Execute.work(Execute.scala:290)[0m
[31m  at sbt.Execute.$anonfun$submit$1(Execute.scala:281)[0m
[31m  at sbt.ConcurrentRestrictions$$anon$4.$anonfun$submitValid$1(ConcurrentRestrictions.scala:178)[0m
[31m  at sbt.CompletionService$$anon$2.call(CompletionService.scala:37)[0m
[31m  at java.util.concurrent.FutureTask.run(FutureTask.java:266)[0m
[31m  at java.util.concurrent.Executors$RunnableAdapter.call(Executors.java:511)[0m
[31m  at java.util.concurrent.FutureTask.run(FutureTask.java:266)[0m
[31m  at java.util.concurrent.ThreadPoolExecutor.runWorker(ThreadPoolExecutor.java:1149)[0m
[31m  at java.util.concurrent.ThreadPoolExecutor$Worker.run(ThreadPoolExecutor.java:624)[0m
[31m  at java.lang.Thread.run(Thread.java:748)[0m
